<?xml version="1.0" encoding="UTF-8"?>
<testng-results ignored="0" total="2" passed="2" failed="0" skipped="0">
  <reporter-output>
  </reporter-output>
  <suite started-at="2022-01-14T13:14:12 IST" name="Command line suite" finished-at="2022-01-14T13:14:15 IST" duration-ms="3123">
    <groups>
    </groups>
    <test started-at="2022-01-14T13:14:12 IST" name="Command line test" finished-at="2022-01-14T13:14:15 IST" duration-ms="3123">
      <class name="restAssuredSample.POSTaddLocationTest">
        <test-method signature="successTest()[pri:0, instance:restAssuredSample.POSTaddLocationTest@5fcd892a]" started-at="2022-01-14T13:14:12 IST" name="successTest" finished-at="2022-01-14T13:14:15 IST" duration-ms="3060" status="PASS">
          <reporter-output>
          </reporter-output>
        </test-method> <!-- successTest -->
      </class> <!-- restAssuredSample.POSTaddLocationTest -->
      <class name="restAssuredSample.TestDemo">
        <test-method signature="testCase1()[pri:0, instance:restAssuredSample.TestDemo@57f23557]" started-at="2022-01-14T13:14:15 IST" name="testCase1" finished-at="2022-01-14T13:14:15 IST" duration-ms="0" status="PASS">
          <reporter-output>
          </reporter-output>
        </test-method> <!-- testCase1 -->
      </class> <!-- restAssuredSample.TestDemo -->
    </test> <!-- Command line test -->
  </suite> <!-- Command line suite -->
</testng-results>
