<?xml version="1.0" encoding="UTF-8"?>
<testng-results ignored="0" total="1" passed="1" failed="0" skipped="0">
  <reporter-output>
  </reporter-output>
  <suite started-at="2022-01-15T14:41:16 IST" name="Default suite" finished-at="2022-01-15T14:41:26 IST" duration-ms="9623">
    <groups>
    </groups>
    <test started-at="2022-01-15T14:41:16 IST" name="Default test" finished-at="2022-01-15T14:41:26 IST" duration-ms="9623">
      <class name="restAssuredSample.POSTaddLocationTest">
        <test-method signature="addPlaceTest()[pri:0, instance:restAssuredSample.POSTaddLocationTest@7f010382]" started-at="2022-01-15T14:41:16 IST" name="addPlaceTest" finished-at="2022-01-15T14:41:26 IST" duration-ms="9562" status="PASS">
          <reporter-output>
          </reporter-output>
        </test-method> <!-- addPlaceTest -->
      </class> <!-- restAssuredSample.POSTaddLocationTest -->
    </test> <!-- Default test -->
  </suite> <!-- Default suite -->
</testng-results>
